<?xml version="1.0" encoding="UTF-8"?>
<testng-results ignored="0" total="1" passed="1" failed="0" skipped="0">
  <reporter-output>
  </reporter-output>
  <suite started-at="2024-02-28T20:55:20 IST" name="Default suite" finished-at="2024-02-28T20:55:34 IST" duration-ms="13627">
    <groups>
    </groups>
    <test started-at="2024-02-28T20:55:20 IST" name="Default test" finished-at="2024-02-28T20:55:34 IST" duration-ms="13627">
      <class name="TestCases.LoginPagefactory">
        <test-method signature="logint()[pri:0, instance:TestCases.LoginPagefactory@3427b02d]" started-at="2024-02-28T20:55:20 IST" name="logint" finished-at="2024-02-28T20:55:34 IST" duration-ms="13588" status="PASS">
          <reporter-output>
          </reporter-output>
        </test-method> <!-- logint -->
      </class> <!-- TestCases.LoginPagefactory -->
    </test> <!-- Default test -->
  </suite> <!-- Default suite -->
</testng-results>
